2013-02-20 22:12:21,011 [Worker-5] INFO  org.mortbay.log - Logging to Logger[org.mortbay.log] via org.mortbay.log.Slf4jLog
2013-02-20 22:12:26,042 [Worker-5] INFO  c.n.h.c.p.n.NettyAsyncHttpProvider - Number of application's worked threads is 2
2013-02-20 22:12:27,245 [New I/O client worker #1-1] INFO  o.e.m.c.i.e.AbstractTransferListenerAdapter - Downloading http://repo.maven.apache.org/maven2/org/apache/maven/plugins/maven-javadoc-plugin/2.8/maven-javadoc-plugin-2.8.pom
2013-02-20 22:12:27,401 [New I/O client worker #1-1] INFO  o.e.m.c.i.e.AbstractTransferListenerAdapter - Downloaded http://repo.maven.apache.org/maven2/org/apache/maven/plugins/maven-javadoc-plugin/2.8/maven-javadoc-plugin-2.8.pom
2013-02-20 22:12:27,667 [Worker-5] INFO  c.n.h.c.p.n.NettyAsyncHttpProvider - Number of application's worked threads is 2
2013-02-20 22:12:28,151 [New I/O client worker #2-1] INFO  o.e.m.c.i.e.AbstractTransferListenerAdapter - Downloading http://repo.maven.apache.org/maven2/org/apache/maven/plugins/maven-plugins/19/maven-plugins-19.pom
2013-02-20 22:12:28,167 [New I/O client worker #2-1] INFO  o.e.m.c.i.e.AbstractTransferListenerAdapter - Downloaded http://repo.maven.apache.org/maven2/org/apache/maven/plugins/maven-plugins/19/maven-plugins-19.pom
2013-02-20 22:12:28,214 [Worker-4] INFO  o.e.m.c.i.i.nexus.NexusIndexManager - Updating index for repository: central|http://repo.maven.apache.org/maven2
2013-02-20 22:12:28,261 [Worker-4] INFO  c.n.h.c.p.n.NettyAsyncHttpProvider - Number of application's worked threads is 2
2013-02-20 22:12:28,370 [Worker-5] INFO  c.n.h.c.p.n.NettyAsyncHttpProvider - Number of application's worked threads is 2
2013-02-20 22:12:28,761 [New I/O client worker #4-1] INFO  o.e.m.c.i.e.AbstractTransferListenerAdapter - Downloading http://repo.maven.apache.org/maven2/org/apache/maven/maven-parent/19/maven-parent-19.pom
2013-02-20 22:12:28,964 [New I/O client worker #4-1] INFO  o.e.m.c.i.e.AbstractTransferListenerAdapter - Downloaded http://repo.maven.apache.org/maven2/org/apache/maven/maven-parent/19/maven-parent-19.pom
2013-02-20 22:12:29,198 [Worker-5] INFO  c.n.h.c.p.n.NettyAsyncHttpProvider - Number of application's worked threads is 2
2013-02-20 22:12:29,636 [New I/O client worker #5-1] INFO  o.e.m.c.i.e.AbstractTransferListenerAdapter - Downloading http://repo.maven.apache.org/maven2/org/apache/apache/9/apache-9.pom
2013-02-20 22:12:29,808 [New I/O client worker #5-1] INFO  o.e.m.c.i.e.AbstractTransferListenerAdapter - Downloaded http://repo.maven.apache.org/maven2/org/apache/apache/9/apache-9.pom
2013-02-20 22:12:30,104 [Worker-5] INFO  c.n.h.c.p.n.NettyAsyncHttpProvider - Number of application's worked threads is 2
2013-02-20 22:12:30,573 [New I/O client worker #6-1] INFO  o.e.m.c.i.e.AbstractTransferListenerAdapter - Downloading http://repo.maven.apache.org/maven2/org/apache/maven/plugins/maven-javadoc-plugin/2.8/maven-javadoc-plugin-2.8.jar
2013-02-20 22:12:35,714 [New I/O client worker #6-1] INFO  o.e.m.c.i.e.AbstractTransferListenerAdapter - Downloaded http://repo.maven.apache.org/maven2/org/apache/maven/plugins/maven-javadoc-plugin/2.8/maven-javadoc-plugin-2.8.jar
2013-02-20 22:12:36,651 [Worker-5] WARN  o.e.m.c.i.embedder.EclipseLogger - Failed to dispatch repository event to org.eclipse.m2e.core.internal.embedder.EclipseRepositoryListener: null
2013-02-20 22:12:37,183 [Worker-5] INFO  c.n.h.c.p.n.NettyAsyncHttpProvider - Number of application's worked threads is 2
2013-02-20 22:12:37,542 [New I/O client worker #7-1] INFO  o.e.m.c.i.e.AbstractTransferListenerAdapter - Downloading http://repo.maven.apache.org/maven2/org/apache/maven/plugins/maven-source-plugin/2.1.2/maven-source-plugin-2.1.2.pom
2013-02-20 22:12:37,558 [New I/O client worker #7-1] INFO  o.e.m.c.i.e.AbstractTransferListenerAdapter - Downloaded http://repo.maven.apache.org/maven2/org/apache/maven/plugins/maven-source-plugin/2.1.2/maven-source-plugin-2.1.2.pom
2013-02-20 22:12:37,745 [Worker-5] INFO  c.n.h.c.p.n.NettyAsyncHttpProvider - Number of application's worked threads is 2
2013-02-20 22:12:38,104 [New I/O client worker #8-1] INFO  o.e.m.c.i.e.AbstractTransferListenerAdapter - Downloading http://repo.maven.apache.org/maven2/org/apache/maven/plugins/maven-plugins/18/maven-plugins-18.pom
2013-02-20 22:12:38,120 [New I/O client worker #8-1] INFO  o.e.m.c.i.e.AbstractTransferListenerAdapter - Downloaded http://repo.maven.apache.org/maven2/org/apache/maven/plugins/maven-plugins/18/maven-plugins-18.pom
2013-02-20 22:12:38,354 [Worker-5] INFO  c.n.h.c.p.n.NettyAsyncHttpProvider - Number of application's worked threads is 2
2013-02-20 22:12:38,714 [New I/O client worker #9-1] INFO  o.e.m.c.i.e.AbstractTransferListenerAdapter - Downloading http://repo.maven.apache.org/maven2/org/apache/maven/maven-parent/16/maven-parent-16.pom
2013-02-20 22:12:38,901 [New I/O client worker #9-1] INFO  o.e.m.c.i.e.AbstractTransferListenerAdapter - Downloaded http://repo.maven.apache.org/maven2/org/apache/maven/maven-parent/16/maven-parent-16.pom
2013-02-20 22:12:39,104 [Worker-5] INFO  c.n.h.c.p.n.NettyAsyncHttpProvider - Number of application's worked threads is 2
2013-02-20 22:12:39,448 [New I/O client worker #10-1] INFO  o.e.m.c.i.e.AbstractTransferListenerAdapter - Downloading http://repo.maven.apache.org/maven2/org/apache/apache/7/apache-7.pom
2013-02-20 22:12:39,604 [New I/O client worker #10-1] INFO  o.e.m.c.i.e.AbstractTransferListenerAdapter - Downloaded http://repo.maven.apache.org/maven2/org/apache/apache/7/apache-7.pom
2013-02-20 22:12:39,823 [Worker-5] INFO  c.n.h.c.p.n.NettyAsyncHttpProvider - Number of application's worked threads is 2
2013-02-20 22:12:40,183 [New I/O client worker #11-1] INFO  o.e.m.c.i.e.AbstractTransferListenerAdapter - Downloading http://repo.maven.apache.org/maven2/org/apache/maven/plugins/maven-source-plugin/2.1.2/maven-source-plugin-2.1.2.jar
2013-02-20 22:12:40,354 [New I/O client worker #11-1] INFO  o.e.m.c.i.e.AbstractTransferListenerAdapter - Downloaded http://repo.maven.apache.org/maven2/org/apache/maven/plugins/maven-source-plugin/2.1.2/maven-source-plugin-2.1.2.jar
2013-02-20 22:12:40,761 [Worker-5] INFO  c.n.h.c.p.n.NettyAsyncHttpProvider - Number of application's worked threads is 2
2013-02-20 22:12:41,167 [New I/O client worker #12-1] INFO  o.e.m.c.i.e.AbstractTransferListenerAdapter - Downloading http://repo.maven.apache.org/maven2/org/apache/maven/plugins/maven-clean-plugin/2.4.1/maven-clean-plugin-2.4.1.jar
2013-02-20 22:12:41,354 [New I/O client worker #12-1] INFO  o.e.m.c.i.e.AbstractTransferListenerAdapter - Downloaded http://repo.maven.apache.org/maven2/org/apache/maven/plugins/maven-clean-plugin/2.4.1/maven-clean-plugin-2.4.1.jar
2013-02-20 22:12:41,714 [Worker-5] INFO  c.n.h.c.p.n.NettyAsyncHttpProvider - Number of application's worked threads is 2
2013-02-20 22:12:42,120 [New I/O client worker #13-1] INFO  o.e.m.c.i.e.AbstractTransferListenerAdapter - Downloading http://repo.maven.apache.org/maven2/org/apache/maven/plugins/maven-resources-plugin/2.5/maven-resources-plugin-2.5.jar
2013-02-20 22:12:42,620 [New I/O client worker #13-1] INFO  o.e.m.c.i.e.AbstractTransferListenerAdapter - Downloaded http://repo.maven.apache.org/maven2/org/apache/maven/plugins/maven-resources-plugin/2.5/maven-resources-plugin-2.5.jar
2013-02-20 22:12:43,495 [Worker-5] INFO  c.n.h.c.p.n.NettyAsyncHttpProvider - Number of application's worked threads is 2
2013-02-20 22:12:43,917 [New I/O client worker #14-1] INFO  o.e.m.c.i.e.AbstractTransferListenerAdapter - Downloading http://repo.maven.apache.org/maven2/org/apache/maven/plugins/maven-compiler-plugin/2.3.2/maven-compiler-plugin-2.3.2.jar
2013-02-20 22:12:44,104 [New I/O client worker #14-1] INFO  o.e.m.c.i.e.AbstractTransferListenerAdapter - Downloaded http://repo.maven.apache.org/maven2/org/apache/maven/plugins/maven-compiler-plugin/2.3.2/maven-compiler-plugin-2.3.2.jar
2013-02-20 22:12:44,479 [Worker-5] INFO  c.n.h.c.p.n.NettyAsyncHttpProvider - Number of application's worked threads is 2
2013-02-20 22:12:44,823 [New I/O client worker #15-1] INFO  o.e.m.c.i.e.AbstractTransferListenerAdapter - Downloading http://repo.maven.apache.org/maven2/org/apache/maven/plugins/maven-surefire-plugin/2.10/maven-surefire-plugin-2.10.jar
2013-02-20 22:12:45,011 [New I/O client worker #15-1] INFO  o.e.m.c.i.e.AbstractTransferListenerAdapter - Downloaded http://repo.maven.apache.org/maven2/org/apache/maven/plugins/maven-surefire-plugin/2.10/maven-surefire-plugin-2.10.jar
2013-02-20 22:12:45,401 [Worker-5] INFO  c.n.h.c.p.n.NettyAsyncHttpProvider - Number of application's worked threads is 2
2013-02-20 22:12:45,761 [New I/O client worker #16-1] INFO  o.e.m.c.i.e.AbstractTransferListenerAdapter - Downloading http://repo.maven.apache.org/maven2/org/apache/maven/plugins/maven-jar-plugin/2.3.2/maven-jar-plugin-2.3.2.jar
2013-02-20 22:12:46,776 [New I/O client worker #16-1] INFO  o.e.m.c.i.e.AbstractTransferListenerAdapter - Downloaded http://repo.maven.apache.org/maven2/org/apache/maven/plugins/maven-jar-plugin/2.3.2/maven-jar-plugin-2.3.2.jar
2013-02-20 22:12:46,839 [Worker-0] INFO  c.n.h.c.p.n.NettyAsyncHttpProvider - Number of application's worked threads is 2
2013-02-20 22:12:47,308 [New I/O client worker #17-1] INFO  o.e.m.c.i.e.AbstractTransferListenerAdapter - Downloading http://repo.maven.apache.org/maven2/org/eclipse/jgit/org.eclipse.jgit/1.3.0.201202151440-r/org.eclipse.jgit-1.3.0.201202151440-r.pom
2013-02-20 22:12:47,308 [New I/O client worker #17-1] INFO  o.e.m.c.i.e.AbstractTransferListenerAdapter - Downloaded http://repo.maven.apache.org/maven2/org/eclipse/jgit/org.eclipse.jgit/1.3.0.201202151440-r/org.eclipse.jgit-1.3.0.201202151440-r.pom
2013-02-20 22:12:47,558 [Worker-5] INFO  c.n.h.c.p.n.NettyAsyncHttpProvider - Number of application's worked threads is 2
2013-02-20 22:12:47,854 [Worker-0] INFO  c.n.h.c.p.n.NettyAsyncHttpProvider - Number of application's worked threads is 2
2013-02-20 22:12:48,323 [New I/O client worker #19-1] INFO  o.e.m.c.i.e.AbstractTransferListenerAdapter - Downloading http://repo.maven.apache.org/maven2/org/eclipse/jgit/org.eclipse.jgit-parent/1.3.0.201202151440-r/org.eclipse.jgit-parent-1.3.0.201202151440-r.pom
2013-02-20 22:12:48,401 [New I/O client worker #18-1] INFO  o.e.m.c.i.e.AbstractTransferListenerAdapter - Downloading http://repo.maven.apache.org/maven2/org/apache/maven/plugins/maven-install-plugin/2.3.1/maven-install-plugin-2.3.1.jar
2013-02-20 22:12:48,511 [New I/O client worker #19-1] INFO  o.e.m.c.i.e.AbstractTransferListenerAdapter - Downloaded http://repo.maven.apache.org/maven2/org/eclipse/jgit/org.eclipse.jgit-parent/1.3.0.201202151440-r/org.eclipse.jgit-parent-1.3.0.201202151440-r.pom
2013-02-20 22:12:48,886 [Worker-0] INFO  c.n.h.c.p.n.NettyAsyncHttpProvider - Number of application's worked threads is 2
2013-02-20 22:12:49,776 [New I/O client worker #18-1] INFO  o.e.m.c.i.e.AbstractTransferListenerAdapter - Downloaded http://repo.maven.apache.org/maven2/org/apache/maven/plugins/maven-install-plugin/2.3.1/maven-install-plugin-2.3.1.jar
2013-02-20 22:12:49,808 [New I/O client worker #20-1] INFO  o.e.m.c.i.e.AbstractTransferListenerAdapter - Downloading http://repo.maven.apache.org/maven2/com/jcraft/jsch/0.1.44-1/jsch-0.1.44-1.pom
2013-02-20 22:12:49,808 [New I/O client worker #20-1] INFO  o.e.m.c.i.e.AbstractTransferListenerAdapter - Downloaded http://repo.maven.apache.org/maven2/com/jcraft/jsch/0.1.44-1/jsch-0.1.44-1.pom
2013-02-20 22:12:50,558 [Worker-0] WARN  o.e.m.c.i.embedder.EclipseLogger - Failed to dispatch repository event to org.eclipse.m2e.core.internal.embedder.EclipseRepositoryListener: null
2013-02-20 22:12:50,558 [Worker-5] WARN  o.e.m.c.i.embedder.EclipseLogger - Failed to dispatch repository event to org.eclipse.m2e.core.internal.embedder.EclipseRepositoryListener: null
2013-02-20 22:12:50,558 [Worker-0] INFO  c.n.h.c.p.n.NettyAsyncHttpProvider - Number of application's worked threads is 2
2013-02-20 22:12:50,573 [Worker-5] INFO  c.n.h.c.p.n.NettyAsyncHttpProvider - Number of application's worked threads is 2
2013-02-20 22:12:50,979 [New I/O client worker #22-1] INFO  o.e.m.c.i.e.AbstractTransferListenerAdapter - Downloading http://repo.maven.apache.org/maven2/org/apache/maven/plugins/maven-deploy-plugin/2.7/maven-deploy-plugin-2.7.jar
2013-02-20 22:12:51,167 [New I/O client worker #22-1] INFO  o.e.m.c.i.e.AbstractTransferListenerAdapter - Downloaded http://repo.maven.apache.org/maven2/org/apache/maven/plugins/maven-deploy-plugin/2.7/maven-deploy-plugin-2.7.jar
2013-02-20 22:12:51,229 [New I/O client worker #21-1] INFO  o.e.m.c.i.e.AbstractTransferListenerAdapter - Downloading http://repo.maven.apache.org/maven2/org/sonatype/oss/oss-parent/6/oss-parent-6.pom
2013-02-20 22:12:51,229 [New I/O client worker #21-1] INFO  o.e.m.c.i.e.AbstractTransferListenerAdapter - Downloaded http://repo.maven.apache.org/maven2/org/sonatype/oss/oss-parent/6/oss-parent-6.pom
2013-02-20 22:12:51,558 [Worker-0] INFO  c.n.h.c.p.n.NettyAsyncHttpProvider - Number of application's worked threads is 2
2013-02-20 22:12:51,995 [Worker-5] INFO  c.n.h.c.p.n.NettyAsyncHttpProvider - Number of application's worked threads is 2
2013-02-20 22:12:52,308 [New I/O client worker #23-1] INFO  o.e.m.c.i.e.AbstractTransferListenerAdapter - Downloading http://repo.maven.apache.org/maven2/org/gitective/gitective-core/0.9.8/gitective-core-0.9.8.pom
2013-02-20 22:12:52,308 [New I/O client worker #23-1] INFO  o.e.m.c.i.e.AbstractTransferListenerAdapter - Downloaded http://repo.maven.apache.org/maven2/org/gitective/gitective-core/0.9.8/gitective-core-0.9.8.pom
2013-02-20 22:12:52,433 [New I/O client worker #24-1] INFO  o.e.m.c.i.e.AbstractTransferListenerAdapter - Downloading http://repo.maven.apache.org/maven2/org/apache/maven/plugins/maven-site-plugin/3.0/maven-site-plugin-3.0.jar
2013-02-20 22:12:52,792 [Worker-0] INFO  c.n.h.c.p.n.NettyAsyncHttpProvider - Number of application's worked threads is 2
2013-02-20 22:12:53,292 [New I/O client worker #25-1] INFO  o.e.m.c.i.e.AbstractTransferListenerAdapter - Downloading http://repo.maven.apache.org/maven2/org/sonatype/oss/oss-parent/7/oss-parent-7.pom
2013-02-20 22:12:53,323 [New I/O client worker #25-1] INFO  o.e.m.c.i.e.AbstractTransferListenerAdapter - Downloaded http://repo.maven.apache.org/maven2/org/sonatype/oss/oss-parent/7/oss-parent-7.pom
2013-02-20 22:12:53,714 [Worker-0] INFO  c.n.h.c.p.n.NettyAsyncHttpProvider - Number of application's worked threads is 2
2013-02-20 22:12:53,761 [New I/O client worker #24-1] INFO  o.e.m.c.i.e.AbstractTransferListenerAdapter - Downloaded http://repo.maven.apache.org/maven2/org/apache/maven/plugins/maven-site-plugin/3.0/maven-site-plugin-3.0.jar
2013-02-20 22:12:55,089 [New I/O client worker #26-1] INFO  o.e.m.c.i.e.AbstractTransferListenerAdapter - Downloading http://repo.maven.apache.org/maven2/org/eclipse/jgit/org.eclipse.jgit/1.2.0.201112221803-r/org.eclipse.jgit-1.2.0.201112221803-r.pom
2013-02-20 22:12:55,089 [New I/O client worker #26-1] INFO  o.e.m.c.i.e.AbstractTransferListenerAdapter - Downloaded http://repo.maven.apache.org/maven2/org/eclipse/jgit/org.eclipse.jgit/1.2.0.201112221803-r/org.eclipse.jgit-1.2.0.201112221803-r.pom
2013-02-20 22:12:55,433 [Worker-5] INFO  c.n.h.c.p.n.NettyAsyncHttpProvider - Number of application's worked threads is 2
2013-02-20 22:12:55,495 [Worker-0] INFO  c.n.h.c.p.n.NettyAsyncHttpProvider - Number of application's worked threads is 2
2013-02-20 22:12:56,104 [New I/O client worker #28-1] INFO  o.e.m.c.i.e.AbstractTransferListenerAdapter - Downloading http://repo.maven.apache.org/maven2/org/eclipse/jgit/org.eclipse.jgit-parent/1.2.0.201112221803-r/org.eclipse.jgit-parent-1.2.0.201112221803-r.pom
2013-02-20 22:12:56,136 [New I/O client worker #27-1] INFO  o.e.m.c.i.e.AbstractTransferListenerAdapter - Downloading http://repo.maven.apache.org/maven2/com/github/github/site-maven-plugin/0.4/site-maven-plugin-0.4.jar
2013-02-20 22:12:56,151 [New I/O client worker #27-1] INFO  o.e.m.c.i.e.AbstractTransferListenerAdapter - Downloaded http://repo.maven.apache.org/maven2/com/github/github/site-maven-plugin/0.4/site-maven-plugin-0.4.jar
2013-02-20 22:12:56,261 [New I/O client worker #28-1] INFO  o.e.m.c.i.e.AbstractTransferListenerAdapter - Downloaded http://repo.maven.apache.org/maven2/org/eclipse/jgit/org.eclipse.jgit-parent/1.2.0.201112221803-r/org.eclipse.jgit-parent-1.2.0.201112221803-r.pom
2013-02-20 22:12:58,151 [Worker-0] WARN  o.e.m.c.i.embedder.EclipseLogger - Failed to dispatch repository event to org.eclipse.m2e.core.internal.embedder.EclipseRepositoryListener: null
2013-02-20 22:12:58,151 [Worker-5] WARN  o.e.m.c.i.embedder.EclipseLogger - Failed to dispatch repository event to org.eclipse.m2e.core.internal.embedder.EclipseRepositoryListener: null
2013-02-20 22:12:58,198 [Worker-0] INFO  c.n.h.c.p.n.NettyAsyncHttpProvider - Number of application's worked threads is 2
2013-02-20 22:12:58,214 [Worker-5] INFO  c.n.h.c.p.n.NettyAsyncHttpProvider - Number of application's worked threads is 2
2013-02-20 22:12:58,651 [New I/O client worker #30-1] INFO  o.e.m.c.i.e.AbstractTransferListenerAdapter - Downloading http://repo.maven.apache.org/maven2/org/apache/maven/plugins/maven-compiler-plugin/2.3.2/maven-compiler-plugin-2.3.2.pom
2013-02-20 22:12:58,651 [New I/O client worker #30-1] INFO  o.e.m.c.i.e.AbstractTransferListenerAdapter - Downloaded http://repo.maven.apache.org/maven2/org/apache/maven/plugins/maven-compiler-plugin/2.3.2/maven-compiler-plugin-2.3.2.pom
2013-02-20 22:12:58,745 [New I/O client worker #29-1] INFO  o.e.m.c.i.e.AbstractTransferListenerAdapter - Downloading http://repo.maven.apache.org/maven2/org/freemarker/freemarker/2.3.18/freemarker-2.3.18.pom
2013-02-20 22:12:58,745 [New I/O client worker #29-1] INFO  o.e.m.c.i.e.AbstractTransferListenerAdapter - Downloaded http://repo.maven.apache.org/maven2/org/freemarker/freemarker/2.3.18/freemarker-2.3.18.pom
2013-02-20 22:12:59,558 [Worker-5] INFO  c.n.h.c.p.n.NettyAsyncHttpProvider - Number of application's worked threads is 2
2013-02-20 22:12:59,667 [Worker-0] INFO  c.n.h.c.p.n.NettyAsyncHttpProvider - Number of application's worked threads is 2
2013-02-20 22:13:00,011 [New I/O client worker #31-1] INFO  o.e.m.c.i.e.AbstractTransferListenerAdapter - Downloading http://repo.maven.apache.org/maven2/org/apache/maven/maven-plugin-api/2.0.6/maven-plugin-api-2.0.6.pom
2013-02-20 22:13:00,011 [New I/O client worker #31-1] INFO  o.e.m.c.i.e.AbstractTransferListenerAdapter - Downloaded http://repo.maven.apache.org/maven2/org/apache/maven/maven-plugin-api/2.0.6/maven-plugin-api-2.0.6.pom
2013-02-20 22:13:00,167 [New I/O client worker #32-2] INFO  o.e.m.c.i.e.AbstractTransferListenerAdapter - Downloading http://repo.maven.apache.org/maven2/com/jcraft/jsch/0.1.44-1/jsch-0.1.44-1.jar
2013-02-20 22:13:00,198 [New I/O client worker #32-2] INFO  o.e.m.c.i.e.AbstractTransferListenerAdapter - Downloading http://repo.maven.apache.org/maven2/org/freemarker/freemarker/2.3.18/freemarker-2.3.18.jar
2013-02-20 22:13:00,229 [New I/O client worker #32-1] INFO  o.e.m.c.i.e.AbstractTransferListenerAdapter - Downloading http://repo.maven.apache.org/maven2/org/eclipse/jgit/org.eclipse.jgit/1.3.0.201202151440-r/org.eclipse.jgit-1.3.0.201202151440-r.jar
2013-02-20 22:13:00,308 [Worker-5] INFO  c.n.h.c.p.n.NettyAsyncHttpProvider - Number of application's worked threads is 2
2013-02-20 22:13:00,323 [New I/O client worker #32-1] INFO  o.e.m.c.i.e.AbstractTransferListenerAdapter - Downloading http://repo.maven.apache.org/maven2/org/gitective/gitective-core/0.9.8/gitective-core-0.9.8.jar
2013-02-20 22:13:00,964 [New I/O client worker #33-1] INFO  o.e.m.c.i.e.AbstractTransferListenerAdapter - Downloading http://repo.maven.apache.org/maven2/org/apache/maven/maven/2.0.6/maven-2.0.6.pom
2013-02-20 22:13:00,979 [New I/O client worker #33-1] INFO  o.e.m.c.i.e.AbstractTransferListenerAdapter - Downloaded http://repo.maven.apache.org/maven2/org/apache/maven/maven/2.0.6/maven-2.0.6.pom
2013-02-20 22:13:01,354 [Worker-5] INFO  c.n.h.c.p.n.NettyAsyncHttpProvider - Number of application's worked threads is 2
2013-02-20 22:13:01,745 [New I/O client worker #34-1] INFO  o.e.m.c.i.e.AbstractTransferListenerAdapter - Downloading http://repo.maven.apache.org/maven2/org/apache/maven/maven-parent/5/maven-parent-5.pom
2013-02-20 22:13:01,995 [New I/O client worker #34-1] INFO  o.e.m.c.i.e.AbstractTransferListenerAdapter - Downloaded http://repo.maven.apache.org/maven2/org/apache/maven/maven-parent/5/maven-parent-5.pom
2013-02-20 22:13:02,042 [New I/O client worker #32-1] INFO  o.e.m.c.i.e.AbstractTransferListenerAdapter - Downloaded http://repo.maven.apache.org/maven2/org/gitective/gitective-core/0.9.8/gitective-core-0.9.8.jar
2013-02-20 22:13:02,214 [New I/O client worker #32-2] INFO  o.e.m.c.i.e.AbstractTransferListenerAdapter - Downloaded http://repo.maven.apache.org/maven2/com/jcraft/jsch/0.1.44-1/jsch-0.1.44-1.jar
2013-02-20 22:13:02,339 [Worker-5] INFO  c.n.h.c.p.n.NettyAsyncHttpProvider - Number of application's worked threads is 2
2013-02-20 22:13:02,870 [New I/O client worker #35-1] INFO  o.e.m.c.i.e.AbstractTransferListenerAdapter - Downloading http://repo.maven.apache.org/maven2/org/apache/apache/3/apache-3.pom
2013-02-20 22:13:02,870 [New I/O client worker #35-1] INFO  o.e.m.c.i.e.AbstractTransferListenerAdapter - Downloaded http://repo.maven.apache.org/maven2/org/apache/apache/3/apache-3.pom
2013-02-20 22:13:03,151 [Worker-5] INFO  c.n.h.c.p.n.NettyAsyncHttpProvider - Number of application's worked threads is 2
2013-02-20 22:13:03,542 [New I/O client worker #36-1] INFO  o.e.m.c.i.e.AbstractTransferListenerAdapter - Downloading http://repo.maven.apache.org/maven2/org/apache/maven/maven-artifact/2.0.6/maven-artifact-2.0.6.pom
2013-02-20 22:13:03,542 [New I/O client worker #36-1] INFO  o.e.m.c.i.e.AbstractTransferListenerAdapter - Downloaded http://repo.maven.apache.org/maven2/org/apache/maven/maven-artifact/2.0.6/maven-artifact-2.0.6.pom
2013-02-20 22:13:03,761 [Worker-5] INFO  c.n.h.c.p.n.NettyAsyncHttpProvider - Number of application's worked threads is 2
2013-02-20 22:13:04,167 [New I/O client worker #37-1] INFO  o.e.m.c.i.e.AbstractTransferListenerAdapter - Downloading http://repo.maven.apache.org/maven2/org/codehaus/plexus/plexus-utils/1.4.1/plexus-utils-1.4.1.pom
2013-02-20 22:13:04,167 [New I/O client worker #37-1] INFO  o.e.m.c.i.e.AbstractTransferListenerAdapter - Downloaded http://repo.maven.apache.org/maven2/org/codehaus/plexus/plexus-utils/1.4.1/plexus-utils-1.4.1.pom
2013-02-20 22:13:04,370 [Worker-5] INFO  c.n.h.c.p.n.NettyAsyncHttpProvider - Number of application's worked threads is 2
2013-02-20 22:13:04,886 [New I/O client worker #38-1] INFO  o.e.m.c.i.e.AbstractTransferListenerAdapter - Downloading http://repo.maven.apache.org/maven2/org/codehaus/plexus/plexus/1.0.11/plexus-1.0.11.pom
2013-02-20 22:13:04,886 [New I/O client worker #38-1] INFO  o.e.m.c.i.e.AbstractTransferListenerAdapter - Downloaded http://repo.maven.apache.org/maven2/org/codehaus/plexus/plexus/1.0.11/plexus-1.0.11.pom
2013-02-20 22:13:05,308 [Worker-5] INFO  c.n.h.c.p.n.NettyAsyncHttpProvider - Number of application's worked threads is 2
2013-02-20 22:13:05,589 [New I/O client worker #32-2] INFO  o.e.m.c.i.e.AbstractTransferListenerAdapter - Downloaded http://repo.maven.apache.org/maven2/org/freemarker/freemarker/2.3.18/freemarker-2.3.18.jar
2013-02-20 22:13:05,776 [New I/O client worker #39-1] INFO  o.e.m.c.i.e.AbstractTransferListenerAdapter - Downloading http://repo.maven.apache.org/maven2/org/apache/maven/maven-core/2.0.6/maven-core-2.0.6.pom
2013-02-20 22:13:05,776 [New I/O client worker #39-1] INFO  o.e.m.c.i.e.AbstractTransferListenerAdapter - Downloaded http://repo.maven.apache.org/maven2/org/apache/maven/maven-core/2.0.6/maven-core-2.0.6.pom
2013-02-20 22:13:06,120 [Worker-5] INFO  c.n.h.c.p.n.NettyAsyncHttpProvider - Number of application's worked threads is 2
2013-02-20 22:13:06,511 [New I/O client worker #40-1] INFO  o.e.m.c.i.e.AbstractTransferListenerAdapter - Downloading http://repo.maven.apache.org/maven2/org/apache/maven/maven-settings/2.0.6/maven-settings-2.0.6.pom
2013-02-20 22:13:06,511 [New I/O client worker #40-1] INFO  o.e.m.c.i.e.AbstractTransferListenerAdapter - Downloaded http://repo.maven.apache.org/maven2/org/apache/maven/maven-settings/2.0.6/maven-settings-2.0.6.pom
2013-02-20 22:13:06,729 [Worker-5] INFO  c.n.h.c.p.n.NettyAsyncHttpProvider - Number of application's worked threads is 2
2013-02-20 22:13:07,089 [New I/O client worker #41-1] INFO  o.e.m.c.i.e.AbstractTransferListenerAdapter - Downloading http://repo.maven.apache.org/maven2/org/apache/maven/maven-model/2.0.6/maven-model-2.0.6.pom
2013-02-20 22:13:07,104 [New I/O client worker #41-1] INFO  o.e.m.c.i.e.AbstractTransferListenerAdapter - Downloaded http://repo.maven.apache.org/maven2/org/apache/maven/maven-model/2.0.6/maven-model-2.0.6.pom
2013-02-20 22:13:07,339 [Worker-5] INFO  c.n.h.c.p.n.NettyAsyncHttpProvider - Number of application's worked threads is 2
2013-02-20 22:13:07,729 [New I/O client worker #42-1] INFO  o.e.m.c.i.e.AbstractTransferListenerAdapter - Downloading http://repo.maven.apache.org/maven2/org/apache/maven/maven-plugin-parameter-documenter/2.0.6/maven-plugin-parameter-documenter-2.0.6.pom
2013-02-20 22:13:07,729 [New I/O client worker #42-1] INFO  o.e.m.c.i.e.AbstractTransferListenerAdapter - Downloaded http://repo.maven.apache.org/maven2/org/apache/maven/maven-plugin-parameter-documenter/2.0.6/maven-plugin-parameter-documenter-2.0.6.pom
2013-02-20 22:13:07,948 [Worker-5] INFO  c.n.h.c.p.n.NettyAsyncHttpProvider - Number of application's worked threads is 2
2013-02-20 22:13:08,339 [New I/O client worker #43-1] INFO  o.e.m.c.i.e.AbstractTransferListenerAdapter - Downloading http://repo.maven.apache.org/maven2/org/apache/maven/maven-profile/2.0.6/maven-profile-2.0.6.pom
2013-02-20 22:13:08,339 [New I/O client worker #43-1] INFO  o.e.m.c.i.e.AbstractTransferListenerAdapter - Downloaded http://repo.maven.apache.org/maven2/org/apache/maven/maven-profile/2.0.6/maven-profile-2.0.6.pom
2013-02-20 22:13:08,589 [Worker-5] INFO  c.n.h.c.p.n.NettyAsyncHttpProvider - Number of application's worked threads is 2
2013-02-20 22:13:08,979 [New I/O client worker #44-1] INFO  o.e.m.c.i.e.AbstractTransferListenerAdapter - Downloading http://repo.maven.apache.org/maven2/org/apache/maven/maven-repository-metadata/2.0.6/maven-repository-metadata-2.0.6.pom
2013-02-20 22:13:08,979 [New I/O client worker #44-1] INFO  o.e.m.c.i.e.AbstractTransferListenerAdapter - Downloaded http://repo.maven.apache.org/maven2/org/apache/maven/maven-repository-metadata/2.0.6/maven-repository-metadata-2.0.6.pom
2013-02-20 22:13:09,198 [Worker-5] INFO  c.n.h.c.p.n.NettyAsyncHttpProvider - Number of application's worked threads is 2
2013-02-20 22:13:09,573 [New I/O client worker #45-1] INFO  o.e.m.c.i.e.AbstractTransferListenerAdapter - Downloading http://repo.maven.apache.org/maven2/org/apache/maven/maven-error-diagnostics/2.0.6/maven-error-diagnostics-2.0.6.pom
2013-02-20 22:13:09,573 [New I/O client worker #45-1] INFO  o.e.m.c.i.e.AbstractTransferListenerAdapter - Downloaded http://repo.maven.apache.org/maven2/org/apache/maven/maven-error-diagnostics/2.0.6/maven-error-diagnostics-2.0.6.pom
2013-02-20 22:13:09,792 [Worker-5] INFO  c.n.h.c.p.n.NettyAsyncHttpProvider - Number of application's worked threads is 2
2013-02-20 22:13:10,151 [New I/O client worker #46-1] INFO  o.e.m.c.i.e.AbstractTransferListenerAdapter - Downloading http://repo.maven.apache.org/maven2/org/apache/maven/maven-project/2.0.6/maven-project-2.0.6.pom
2013-02-20 22:13:10,151 [New I/O client worker #46-1] INFO  o.e.m.c.i.e.AbstractTransferListenerAdapter - Downloaded http://repo.maven.apache.org/maven2/org/apache/maven/maven-project/2.0.6/maven-project-2.0.6.pom
2013-02-20 22:13:10,354 [Worker-5] INFO  c.n.h.c.p.n.NettyAsyncHttpProvider - Number of application's worked threads is 2
2013-02-20 22:13:10,776 [New I/O client worker #47-1] INFO  o.e.m.c.i.e.AbstractTransferListenerAdapter - Downloading http://repo.maven.apache.org/maven2/org/apache/maven/maven-artifact-manager/2.0.6/maven-artifact-manager-2.0.6.pom
2013-02-20 22:13:10,792 [New I/O client worker #47-1] INFO  o.e.m.c.i.e.AbstractTransferListenerAdapter - Downloaded http://repo.maven.apache.org/maven2/org/apache/maven/maven-artifact-manager/2.0.6/maven-artifact-manager-2.0.6.pom
2013-02-20 22:13:11,026 [Worker-5] INFO  c.n.h.c.p.n.NettyAsyncHttpProvider - Number of application's worked threads is 2
2013-02-20 22:13:11,417 [New I/O client worker #48-1] INFO  o.e.m.c.i.e.AbstractTransferListenerAdapter - Downloading http://repo.maven.apache.org/maven2/org/apache/maven/maven-plugin-registry/2.0.6/maven-plugin-registry-2.0.6.pom
2013-02-20 22:13:11,417 [New I/O client worker #48-1] INFO  o.e.m.c.i.e.AbstractTransferListenerAdapter - Downloaded http://repo.maven.apache.org/maven2/org/apache/maven/maven-plugin-registry/2.0.6/maven-plugin-registry-2.0.6.pom
2013-02-20 22:13:11,558 [New I/O client worker #32-1] INFO  o.e.m.c.i.e.AbstractTransferListenerAdapter - Downloaded http://repo.maven.apache.org/maven2/org/eclipse/jgit/org.eclipse.jgit/1.3.0.201202151440-r/org.eclipse.jgit-1.3.0.201202151440-r.jar
2013-02-20 22:13:11,651 [Worker-5] INFO  c.n.h.c.p.n.NettyAsyncHttpProvider - Number of application's worked threads is 2
2013-02-20 22:13:12,042 [New I/O client worker #49-1] INFO  o.e.m.c.i.e.AbstractTransferListenerAdapter - Downloading http://repo.maven.apache.org/maven2/org/apache/maven/maven-plugin-descriptor/2.0.6/maven-plugin-descriptor-2.0.6.pom
2013-02-20 22:13:12,042 [New I/O client worker #49-1] INFO  o.e.m.c.i.e.AbstractTransferListenerAdapter - Downloaded http://repo.maven.apache.org/maven2/org/apache/maven/maven-plugin-descriptor/2.0.6/maven-plugin-descriptor-2.0.6.pom
2013-02-20 22:13:12,323 [Worker-0] WARN  o.e.m.c.i.embedder.EclipseLogger - Failed to dispatch repository event to org.eclipse.m2e.core.internal.embedder.EclipseRepositoryListener: null
2013-02-20 22:13:12,339 [Worker-5] INFO  c.n.h.c.p.n.NettyAsyncHttpProvider - Number of application's worked threads is 2
2013-02-20 22:13:12,714 [New I/O client worker #50-1] INFO  o.e.m.c.i.e.AbstractTransferListenerAdapter - Downloading http://repo.maven.apache.org/maven2/org/apache/maven/maven-monitor/2.0.6/maven-monitor-2.0.6.pom
2013-02-20 22:13:12,714 [New I/O client worker #50-1] INFO  o.e.m.c.i.e.AbstractTransferListenerAdapter - Downloaded http://repo.maven.apache.org/maven2/org/apache/maven/maven-monitor/2.0.6/maven-monitor-2.0.6.pom
2013-02-20 22:13:12,933 [Worker-5] INFO  c.n.h.c.p.n.NettyAsyncHttpProvider - Number of application's worked threads is 2
2013-02-20 22:13:13,308 [New I/O client worker #51-1] INFO  o.e.m.c.i.e.AbstractTransferListenerAdapter - Downloading http://repo.maven.apache.org/maven2/org/apache/maven/maven-toolchain/1.0/maven-toolchain-1.0.pom
2013-02-20 22:13:13,308 [New I/O client worker #51-1] INFO  o.e.m.c.i.e.AbstractTransferListenerAdapter - Downloaded http://repo.maven.apache.org/maven2/org/apache/maven/maven-toolchain/1.0/maven-toolchain-1.0.pom
2013-02-20 22:13:13,620 [Worker-5] INFO  c.n.h.c.p.n.NettyAsyncHttpProvider - Number of application's worked threads is 2
2013-02-20 22:13:13,995 [New I/O client worker #52-1] INFO  o.e.m.c.i.e.AbstractTransferListenerAdapter - Downloading http://repo.maven.apache.org/maven2/org/codehaus/plexus/plexus-container-default/1.0-alpha-9-stable-1/plexus-container-default-1.0-alpha-9-stable-1.pom
2013-02-20 22:13:13,995 [New I/O client worker #52-1] INFO  o.e.m.c.i.e.AbstractTransferListenerAdapter - Downloaded http://repo.maven.apache.org/maven2/org/codehaus/plexus/plexus-container-default/1.0-alpha-9-stable-1/plexus-container-default-1.0-alpha-9-stable-1.pom
2013-02-20 22:13:14,198 [Worker-5] INFO  c.n.h.c.p.n.NettyAsyncHttpProvider - Number of application's worked threads is 2
2013-02-20 22:13:14,589 [New I/O client worker #53-1] INFO  o.e.m.c.i.e.AbstractTransferListenerAdapter - Downloading http://repo.maven.apache.org/maven2/org/codehaus/plexus/plexus-containers/1.0.3/plexus-containers-1.0.3.pom
2013-02-20 22:13:14,604 [New I/O client worker #53-1] INFO  o.e.m.c.i.e.AbstractTransferListenerAdapter - Downloaded http://repo.maven.apache.org/maven2/org/codehaus/plexus/plexus-containers/1.0.3/plexus-containers-1.0.3.pom
2013-02-20 22:13:14,792 [Worker-5] INFO  c.n.h.c.p.n.NettyAsyncHttpProvider - Number of application's worked threads is 2
2013-02-20 22:13:15,198 [New I/O client worker #54-1] INFO  o.e.m.c.i.e.AbstractTransferListenerAdapter - Downloading http://repo.maven.apache.org/maven2/org/codehaus/plexus/plexus/1.0.4/plexus-1.0.4.pom
2013-02-20 22:13:15,198 [New I/O client worker #54-1] INFO  o.e.m.c.i.e.AbstractTransferListenerAdapter - Downloaded http://repo.maven.apache.org/maven2/org/codehaus/plexus/plexus/1.0.4/plexus-1.0.4.pom
2013-02-20 22:13:15,417 [Worker-5] INFO  c.n.h.c.p.n.NettyAsyncHttpProvider - Number of application's worked threads is 2
2013-02-20 22:13:15,792 [New I/O client worker #55-1] INFO  o.e.m.c.i.e.AbstractTransferListenerAdapter - Downloading http://repo.maven.apache.org/maven2/junit/junit/3.8.1/junit-3.8.1.pom
2013-02-20 22:13:15,792 [New I/O client worker #55-1] INFO  o.e.m.c.i.e.AbstractTransferListenerAdapter - Downloaded http://repo.maven.apache.org/maven2/junit/junit/3.8.1/junit-3.8.1.pom
2013-02-20 22:13:16,089 [Worker-5] INFO  c.n.h.c.p.n.NettyAsyncHttpProvider - Number of application's worked threads is 2
2013-02-20 22:13:16,479 [New I/O client worker #56-1] INFO  o.e.m.c.i.e.AbstractTransferListenerAdapter - Downloading http://repo.maven.apache.org/maven2/org/codehaus/plexus/plexus-utils/1.0.4/plexus-utils-1.0.4.pom
2013-02-20 22:13:16,495 [New I/O client worker #56-1] INFO  o.e.m.c.i.e.AbstractTransferListenerAdapter - Downloaded http://repo.maven.apache.org/maven2/org/codehaus/plexus/plexus-utils/1.0.4/plexus-utils-1.0.4.pom
2013-02-20 22:13:16,698 [Worker-5] INFO  c.n.h.c.p.n.NettyAsyncHttpProvider - Number of application's worked threads is 2
2013-02-20 22:13:17,073 [New I/O client worker #57-1] INFO  o.e.m.c.i.e.AbstractTransferListenerAdapter - Downloading http://repo.maven.apache.org/maven2/classworlds/classworlds/1.1-alpha-2/classworlds-1.1-alpha-2.pom
2013-02-20 22:13:17,073 [New I/O client worker #57-1] INFO  o.e.m.c.i.e.AbstractTransferListenerAdapter - Downloaded http://repo.maven.apache.org/maven2/classworlds/classworlds/1.1-alpha-2/classworlds-1.1-alpha-2.pom
2013-02-20 22:13:17,339 [Worker-5] INFO  c.n.h.c.p.n.NettyAsyncHttpProvider - Number of application's worked threads is 2
2013-02-20 22:13:17,745 [New I/O client worker #58-1] INFO  o.e.m.c.i.e.AbstractTransferListenerAdapter - Downloading http://repo.maven.apache.org/maven2/org/apache/maven/reporting/maven-reporting-api/2.0.6/maven-reporting-api-2.0.6.pom
2013-02-20 22:13:17,745 [New I/O client worker #58-1] INFO  o.e.m.c.i.e.AbstractTransferListenerAdapter - Downloaded http://repo.maven.apache.org/maven2/org/apache/maven/reporting/maven-reporting-api/2.0.6/maven-reporting-api-2.0.6.pom
2013-02-20 22:13:17,979 [Worker-5] INFO  c.n.h.c.p.n.NettyAsyncHttpProvider - Number of application's worked threads is 2
2013-02-20 22:13:18,323 [New I/O client worker #59-1] INFO  o.e.m.c.i.e.AbstractTransferListenerAdapter - Downloading http://repo.maven.apache.org/maven2/org/apache/maven/reporting/maven-reporting/2.0.6/maven-reporting-2.0.6.pom
2013-02-20 22:13:18,323 [New I/O client worker #59-1] INFO  o.e.m.c.i.e.AbstractTransferListenerAdapter - Downloaded http://repo.maven.apache.org/maven2/org/apache/maven/reporting/maven-reporting/2.0.6/maven-reporting-2.0.6.pom
2013-02-20 22:13:18,526 [Worker-5] INFO  c.n.h.c.p.n.NettyAsyncHttpProvider - Number of application's worked threads is 2
2013-02-20 22:13:18,886 [New I/O client worker #60-1] INFO  o.e.m.c.i.e.AbstractTransferListenerAdapter - Downloading http://repo.maven.apache.org/maven2/org/apache/maven/doxia/doxia-sink-api/1.0-alpha-7/doxia-sink-api-1.0-alpha-7.pom
2013-02-20 22:13:18,886 [New I/O client worker #60-1] INFO  o.e.m.c.i.e.AbstractTransferListenerAdapter - Downloaded http://repo.maven.apache.org/maven2/org/apache/maven/doxia/doxia-sink-api/1.0-alpha-7/doxia-sink-api-1.0-alpha-7.pom
2013-02-20 22:13:19,151 [Worker-5] INFO  c.n.h.c.p.n.NettyAsyncHttpProvider - Number of application's worked threads is 2
2013-02-20 22:13:19,526 [New I/O client worker #61-1] INFO  o.e.m.c.i.e.AbstractTransferListenerAdapter - Downloading http://repo.maven.apache.org/maven2/org/apache/maven/doxia/doxia/1.0-alpha-7/doxia-1.0-alpha-7.pom
2013-02-20 22:13:19,526 [New I/O client worker #61-1] INFO  o.e.m.c.i.e.AbstractTransferListenerAdapter - Downloaded http://repo.maven.apache.org/maven2/org/apache/maven/doxia/doxia/1.0-alpha-7/doxia-1.0-alpha-7.pom
2013-02-20 22:13:19,729 [Worker-5] INFO  c.n.h.c.p.n.NettyAsyncHttpProvider - Number of application's worked threads is 2
2013-02-20 22:13:20,104 [New I/O client worker #62-1] INFO  o.e.m.c.i.e.AbstractTransferListenerAdapter - Downloading http://repo.maven.apache.org/maven2/commons-cli/commons-cli/1.0/commons-cli-1.0.pom
2013-02-20 22:13:20,104 [New I/O client worker #62-1] INFO  o.e.m.c.i.e.AbstractTransferListenerAdapter - Downloaded http://repo.maven.apache.org/maven2/commons-cli/commons-cli/1.0/commons-cli-1.0.pom
2013-02-20 22:13:20,323 [Worker-5] INFO  c.n.h.c.p.n.NettyAsyncHttpProvider - Number of application's worked threads is 2
2013-02-20 22:13:20,698 [New I/O client worker #63-1] INFO  o.e.m.c.i.e.AbstractTransferListenerAdapter - Downloading http://repo.maven.apache.org/maven2/org/codehaus/plexus/plexus-interactivity-api/1.0-alpha-4/plexus-interactivity-api-1.0-alpha-4.pom
2013-02-20 22:13:20,698 [New I/O client worker #63-1] INFO  o.e.m.c.i.e.AbstractTransferListenerAdapter - Downloaded http://repo.maven.apache.org/maven2/org/codehaus/plexus/plexus-interactivity-api/1.0-alpha-4/plexus-interactivity-api-1.0-alpha-4.pom
2013-02-20 22:13:20,917 [Worker-5] INFO  c.n.h.c.p.n.NettyAsyncHttpProvider - Number of application's worked threads is 2
2013-02-20 22:13:21,276 [New I/O client worker #64-1] INFO  o.e.m.c.i.e.AbstractTransferListenerAdapter - Downloading http://repo.maven.apache.org/maven2/classworlds/classworlds/1.1/classworlds-1.1.pom
2013-02-20 22:13:21,276 [New I/O client worker #64-1] INFO  o.e.m.c.i.e.AbstractTransferListenerAdapter - Downloaded http://repo.maven.apache.org/maven2/classworlds/classworlds/1.1/classworlds-1.1.pom
2013-02-20 22:13:21,526 [Worker-5] INFO  c.n.h.c.p.n.NettyAsyncHttpProvider - Number of application's worked threads is 2
2013-02-20 22:13:21,933 [New I/O client worker #65-1] INFO  o.e.m.c.i.e.AbstractTransferListenerAdapter - Downloading http://repo.maven.apache.org/maven2/org/codehaus/plexus/plexus-utils/2.0.5/plexus-utils-2.0.5.pom
2013-02-20 22:13:21,948 [New I/O client worker #65-1] INFO  o.e.m.c.i.e.AbstractTransferListenerAdapter - Downloaded http://repo.maven.apache.org/maven2/org/codehaus/plexus/plexus-utils/2.0.5/plexus-utils-2.0.5.pom
2013-02-20 22:13:22,167 [Worker-5] INFO  c.n.h.c.p.n.NettyAsyncHttpProvider - Number of application's worked threads is 2
2013-02-20 22:13:22,526 [New I/O client worker #66-1] INFO  o.e.m.c.i.e.AbstractTransferListenerAdapter - Downloading http://repo.maven.apache.org/maven2/org/codehaus/plexus/plexus/2.0.6/plexus-2.0.6.pom
2013-02-20 22:13:22,683 [New I/O client worker #66-1] INFO  o.e.m.c.i.e.AbstractTransferListenerAdapter - Downloaded http://repo.maven.apache.org/maven2/org/codehaus/plexus/plexus/2.0.6/plexus-2.0.6.pom
2013-02-20 22:13:22,886 [Worker-5] INFO  c.n.h.c.p.n.NettyAsyncHttpProvider - Number of application's worked threads is 2
2013-02-20 22:13:23,261 [New I/O client worker #67-1] INFO  o.e.m.c.i.e.AbstractTransferListenerAdapter - Downloading http://repo.maven.apache.org/maven2/org/codehaus/plexus/plexus-compiler-api/1.8.1/plexus-compiler-api-1.8.1.pom
2013-02-20 22:13:23,261 [New I/O client worker #67-1] INFO  o.e.m.c.i.e.AbstractTransferListenerAdapter - Downloaded http://repo.maven.apache.org/maven2/org/codehaus/plexus/plexus-compiler-api/1.8.1/plexus-compiler-api-1.8.1.pom
2013-02-20 22:13:23,479 [Worker-5] INFO  c.n.h.c.p.n.NettyAsyncHttpProvider - Number of application's worked threads is 2
2013-02-20 22:13:23,823 [New I/O client worker #68-1] INFO  o.e.m.c.i.e.AbstractTransferListenerAdapter - Downloading http://repo.maven.apache.org/maven2/org/codehaus/plexus/plexus-compiler/1.8.1/plexus-compiler-1.8.1.pom
2013-02-20 22:13:23,823 [New I/O client worker #68-1] INFO  o.e.m.c.i.e.AbstractTransferListenerAdapter - Downloaded http://repo.maven.apache.org/maven2/org/codehaus/plexus/plexus-compiler/1.8.1/plexus-compiler-1.8.1.pom
2013-02-20 22:13:24,011 [Worker-5] INFO  c.n.h.c.p.n.NettyAsyncHttpProvider - Number of application's worked threads is 2
2013-02-20 22:13:24,448 [New I/O client worker #69-1] INFO  o.e.m.c.i.e.AbstractTransferListenerAdapter - Downloading http://repo.maven.apache.org/maven2/org/codehaus/plexus/plexus-components/1.1.18/plexus-components-1.1.18.pom
2013-02-20 22:13:24,448 [New I/O client worker #69-1] INFO  o.e.m.c.i.e.AbstractTransferListenerAdapter - Downloaded http://repo.maven.apache.org/maven2/org/codehaus/plexus/plexus-components/1.1.18/plexus-components-1.1.18.pom
2013-02-20 22:13:24,683 [Worker-5] INFO  c.n.h.c.p.n.NettyAsyncHttpProvider - Number of application's worked threads is 2
2013-02-20 22:13:25,042 [New I/O client worker #70-1] INFO  o.e.m.c.i.e.AbstractTransferListenerAdapter - Downloading http://repo.maven.apache.org/maven2/org/codehaus/plexus/plexus/2.0.7/plexus-2.0.7.pom
2013-02-20 22:13:25,214 [New I/O client worker #70-1] INFO  o.e.m.c.i.e.AbstractTransferListenerAdapter - Downloaded http://repo.maven.apache.org/maven2/org/codehaus/plexus/plexus/2.0.7/plexus-2.0.7.pom
2013-02-20 22:13:25,417 [Worker-5] INFO  c.n.h.c.p.n.NettyAsyncHttpProvider - Number of application's worked threads is 2
2013-02-20 22:13:25,808 [New I/O client worker #71-1] INFO  o.e.m.c.i.e.AbstractTransferListenerAdapter - Downloading http://repo.maven.apache.org/maven2/org/codehaus/plexus/plexus-utils/1.5.5/plexus-utils-1.5.5.pom
2013-02-20 22:13:25,808 [New I/O client worker #71-1] INFO  o.e.m.c.i.e.AbstractTransferListenerAdapter - Downloaded http://repo.maven.apache.org/maven2/org/codehaus/plexus/plexus-utils/1.5.5/plexus-utils-1.5.5.pom
2013-02-20 22:13:26,026 [Worker-5] INFO  c.n.h.c.p.n.NettyAsyncHttpProvider - Number of application's worked threads is 2
2013-02-20 22:13:26,401 [New I/O client worker #72-1] INFO  o.e.m.c.i.e.AbstractTransferListenerAdapter - Downloading http://repo.maven.apache.org/maven2/org/codehaus/plexus/plexus-compiler-manager/1.8.1/plexus-compiler-manager-1.8.1.pom
2013-02-20 22:13:26,401 [New I/O client worker #72-1] INFO  o.e.m.c.i.e.AbstractTransferListenerAdapter - Downloaded http://repo.maven.apache.org/maven2/org/codehaus/plexus/plexus-compiler-manager/1.8.1/plexus-compiler-manager-1.8.1.pom
2013-02-20 22:13:26,589 [Worker-5] INFO  c.n.h.c.p.n.NettyAsyncHttpProvider - Number of application's worked threads is 2
2013-02-20 22:13:27,026 [New I/O client worker #73-1] INFO  o.e.m.c.i.e.AbstractTransferListenerAdapter - Downloading http://repo.maven.apache.org/maven2/org/codehaus/plexus/plexus-compiler-javac/1.8.1/plexus-compiler-javac-1.8.1.pom
2013-02-20 22:13:27,026 [New I/O client worker #73-1] INFO  o.e.m.c.i.e.AbstractTransferListenerAdapter - Downloaded http://repo.maven.apache.org/maven2/org/codehaus/plexus/plexus-compiler-javac/1.8.1/plexus-compiler-javac-1.8.1.pom
2013-02-20 22:13:27,229 [Worker-5] INFO  c.n.h.c.p.n.NettyAsyncHttpProvider - Number of application's worked threads is 2
2013-02-20 22:13:27,651 [New I/O client worker #74-1] INFO  o.e.m.c.i.e.AbstractTransferListenerAdapter - Downloading http://repo.maven.apache.org/maven2/org/codehaus/plexus/plexus-compilers/1.8.1/plexus-compilers-1.8.1.pom
2013-02-20 22:13:27,651 [New I/O client worker #74-1] INFO  o.e.m.c.i.e.AbstractTransferListenerAdapter - Downloaded http://repo.maven.apache.org/maven2/org/codehaus/plexus/plexus-compilers/1.8.1/plexus-compilers-1.8.1.pom
2013-02-20 22:13:27,979 [Worker-5] INFO  c.n.h.c.p.n.NettyAsyncHttpProvider - Number of application's worked threads is 2
2013-02-20 22:13:28,354 [New I/O client worker #75-1] INFO  o.e.m.c.i.e.AbstractTransferListenerAdapter - Downloading http://repo.maven.apache.org/maven2/org/codehaus/plexus/plexus-utils/2.0.5/plexus-utils-2.0.5.jar
2013-02-20 22:13:28,386 [New I/O client worker #75-1] INFO  o.e.m.c.i.e.AbstractTransferListenerAdapter - Downloading http://repo.maven.apache.org/maven2/org/codehaus/plexus/plexus-compiler-manager/1.8.1/plexus-compiler-manager-1.8.1.jar
2013-02-20 22:13:28,386 [New I/O client worker #75-1] INFO  o.e.m.c.i.e.AbstractTransferListenerAdapter - Downloaded http://repo.maven.apache.org/maven2/org/codehaus/plexus/plexus-compiler-manager/1.8.1/plexus-compiler-manager-1.8.1.jar
2013-02-20 22:13:28,401 [New I/O client worker #75-2] INFO  o.e.m.c.i.e.AbstractTransferListenerAdapter - Downloading http://repo.maven.apache.org/maven2/org/codehaus/plexus/plexus-compiler-api/1.8.1/plexus-compiler-api-1.8.1.jar
2013-02-20 22:13:28,417 [New I/O client worker #75-2] INFO  o.e.m.c.i.e.AbstractTransferListenerAdapter - Downloading http://repo.maven.apache.org/maven2/org/codehaus/plexus/plexus-compiler-javac/1.8.1/plexus-compiler-javac-1.8.1.jar
2013-02-20 22:13:28,433 [New I/O client worker #75-2] INFO  o.e.m.c.i.e.AbstractTransferListenerAdapter - Downloaded http://repo.maven.apache.org/maven2/org/codehaus/plexus/plexus-compiler-javac/1.8.1/plexus-compiler-javac-1.8.1.jar
2013-02-20 22:13:28,589 [New I/O client worker #75-2] INFO  o.e.m.c.i.e.AbstractTransferListenerAdapter - Downloaded http://repo.maven.apache.org/maven2/org/codehaus/plexus/plexus-compiler-api/1.8.1/plexus-compiler-api-1.8.1.jar
2013-02-20 22:13:29,417 [New I/O client worker #75-1] INFO  o.e.m.c.i.e.AbstractTransferListenerAdapter - Downloaded http://repo.maven.apache.org/maven2/org/codehaus/plexus/plexus-utils/2.0.5/plexus-utils-2.0.5.jar
2013-02-20 22:13:29,933 [Worker-5] WARN  o.e.m.c.i.embedder.EclipseLogger - Failed to dispatch repository event to org.eclipse.m2e.core.internal.embedder.EclipseRepositoryListener: null
2013-02-20 22:13:30,823 [Worker-5] INFO  o.e.m.c.i.l.LifecycleMappingFactory - Using org.eclipse.m2e.jdt.JarLifecycleMapping lifecycle mapping for MavenProject: com.github.kevinsawicki:git-reports:0.1-SNAPSHOT @ D:\desenvolvimento\java\git-report\lib\pom.xml.
2013-02-20 22:13:31,542 [Worker-5] INFO  c.n.h.c.p.n.NettyAsyncHttpProvider - Number of application's worked threads is 2
2013-02-20 22:13:31,901 [New I/O client worker #76-1] INFO  o.e.m.c.i.e.AbstractTransferListenerAdapter - Downloading http://repo.maven.apache.org/maven2/org/apache/maven/plugins/maven-resources-plugin/2.5/maven-resources-plugin-2.5.pom
2013-02-20 22:13:31,901 [New I/O client worker #76-1] INFO  o.e.m.c.i.e.AbstractTransferListenerAdapter - Downloaded http://repo.maven.apache.org/maven2/org/apache/maven/plugins/maven-resources-plugin/2.5/maven-resources-plugin-2.5.pom
2013-02-20 22:13:32,761 [Worker-5] INFO  c.n.h.c.p.n.NettyAsyncHttpProvider - Number of application's worked threads is 2
2013-02-20 22:13:33,729 [New I/O client worker #77-1] INFO  o.e.m.c.i.e.AbstractTransferListenerAdapter - Downloading http://repo.maven.apache.org/maven2/org/apache/maven/shared/maven-filtering/1.0/maven-filtering-1.0.pom
2013-02-20 22:13:33,729 [New I/O client worker #77-1] INFO  o.e.m.c.i.e.AbstractTransferListenerAdapter - Downloaded http://repo.maven.apache.org/maven2/org/apache/maven/shared/maven-filtering/1.0/maven-filtering-1.0.pom
2013-02-20 22:13:35,261 [Worker-5] INFO  c.n.h.c.p.n.NettyAsyncHttpProvider - Number of application's worked threads is 2
2013-02-20 22:13:35,636 [New I/O client worker #78-1] INFO  o.e.m.c.i.e.AbstractTransferListenerAdapter - Downloading http://repo.maven.apache.org/maven2/org/apache/maven/shared/maven-shared-components/16/maven-shared-components-16.pom
2013-02-20 22:13:35,636 [New I/O client worker #78-1] INFO  o.e.m.c.i.e.AbstractTransferListenerAdapter - Downloaded http://repo.maven.apache.org/maven2/org/apache/maven/shared/maven-shared-components/16/maven-shared-components-16.pom
2013-02-20 22:13:35,854 [Worker-5] INFO  c.n.h.c.p.n.NettyAsyncHttpProvider - Number of application's worked threads is 2
2013-02-20 22:13:36,261 [New I/O client worker #79-1] INFO  o.e.m.c.i.e.AbstractTransferListenerAdapter - Downloading http://repo.maven.apache.org/maven2/org/codehaus/plexus/plexus-utils/1.5.15/plexus-utils-1.5.15.pom
2013-02-20 22:13:36,261 [New I/O client worker #79-1] INFO  o.e.m.c.i.e.AbstractTransferListenerAdapter - Downloaded http://repo.maven.apache.org/maven2/org/codehaus/plexus/plexus-utils/1.5.15/plexus-utils-1.5.15.pom
2013-02-20 22:13:36,511 [Worker-5] INFO  c.n.h.c.p.n.NettyAsyncHttpProvider - Number of application's worked threads is 2
2013-02-20 22:13:36,917 [New I/O client worker #80-1] INFO  o.e.m.c.i.e.AbstractTransferListenerAdapter - Downloading http://repo.maven.apache.org/maven2/org/codehaus/plexus/plexus/2.0.2/plexus-2.0.2.pom
2013-02-20 22:13:36,917 [New I/O client worker #80-1] INFO  o.e.m.c.i.e.AbstractTransferListenerAdapter - Downloaded http://repo.maven.apache.org/maven2/org/codehaus/plexus/plexus/2.0.2/plexus-2.0.2.pom
2013-02-20 22:13:37,183 [Worker-5] INFO  c.n.h.c.p.n.NettyAsyncHttpProvider - Number of application's worked threads is 2
2013-02-20 22:13:37,526 [New I/O client worker #81-1] INFO  o.e.m.c.i.e.AbstractTransferListenerAdapter - Downloading http://repo.maven.apache.org/maven2/org/codehaus/plexus/plexus-interpolation/1.12/plexus-interpolation-1.12.pom
2013-02-20 22:13:37,526 [New I/O client worker #81-1] INFO  o.e.m.c.i.e.AbstractTransferListenerAdapter - Downloaded http://repo.maven.apache.org/maven2/org/codehaus/plexus/plexus-interpolation/1.12/plexus-interpolation-1.12.pom
2013-02-20 22:13:37,714 [Worker-5] INFO  c.n.h.c.p.n.NettyAsyncHttpProvider - Number of application's worked threads is 2
2013-02-20 22:13:38,136 [New I/O client worker #82-1] INFO  o.e.m.c.i.e.AbstractTransferListenerAdapter - Downloading http://repo.maven.apache.org/maven2/org/codehaus/plexus/plexus-components/1.1.14/plexus-components-1.1.14.pom
2013-02-20 22:13:38,136 [New I/O client worker #82-1] INFO  o.e.m.c.i.e.AbstractTransferListenerAdapter - Downloaded http://repo.maven.apache.org/maven2/org/codehaus/plexus/plexus-components/1.1.14/plexus-components-1.1.14.pom
2013-02-20 22:13:38,370 [Worker-5] INFO  c.n.h.c.p.n.NettyAsyncHttpProvider - Number of application's worked threads is 2
2013-02-20 22:13:38,808 [New I/O client worker #83-1] INFO  o.e.m.c.i.e.AbstractTransferListenerAdapter - Downloading http://repo.maven.apache.org/maven2/org/sonatype/plexus/plexus-build-api/0.0.4/plexus-build-api-0.0.4.pom
2013-02-20 22:13:38,808 [New I/O client worker #83-1] INFO  o.e.m.c.i.e.AbstractTransferListenerAdapter - Downloaded http://repo.maven.apache.org/maven2/org/sonatype/plexus/plexus-build-api/0.0.4/plexus-build-api-0.0.4.pom
2013-02-20 22:13:39,058 [Worker-5] INFO  c.n.h.c.p.n.NettyAsyncHttpProvider - Number of application's worked threads is 2
2013-02-20 22:13:39,433 [New I/O client worker #84-1] INFO  o.e.m.c.i.e.AbstractTransferListenerAdapter - Downloading http://repo.maven.apache.org/maven2/org/sonatype/spice/spice-parent/10/spice-parent-10.pom
2013-02-20 22:13:39,433 [New I/O client worker #84-1] INFO  o.e.m.c.i.e.AbstractTransferListenerAdapter - Downloaded http://repo.maven.apache.org/maven2/org/sonatype/spice/spice-parent/10/spice-parent-10.pom
2013-02-20 22:13:39,620 [Worker-5] INFO  c.n.h.c.p.n.NettyAsyncHttpProvider - Number of application's worked threads is 2
2013-02-20 22:13:39,995 [New I/O client worker #85-1] INFO  o.e.m.c.i.e.AbstractTransferListenerAdapter - Downloading http://repo.maven.apache.org/maven2/org/sonatype/forge/forge-parent/3/forge-parent-3.pom
2013-02-20 22:13:39,995 [New I/O client worker #85-1] INFO  o.e.m.c.i.e.AbstractTransferListenerAdapter - Downloaded http://repo.maven.apache.org/maven2/org/sonatype/forge/forge-parent/3/forge-parent-3.pom
2013-02-20 22:13:40,198 [Worker-5] INFO  c.n.h.c.p.n.NettyAsyncHttpProvider - Number of application's worked threads is 2
2013-02-20 22:13:40,573 [New I/O client worker #86-1] INFO  o.e.m.c.i.e.AbstractTransferListenerAdapter - Downloading http://repo.maven.apache.org/maven2/org/codehaus/plexus/plexus-utils/1.5.8/plexus-utils-1.5.8.pom
2013-02-20 22:13:40,573 [New I/O client worker #86-1] INFO  o.e.m.c.i.e.AbstractTransferListenerAdapter - Downloaded http://repo.maven.apache.org/maven2/org/codehaus/plexus/plexus-utils/1.5.8/plexus-utils-1.5.8.pom
2013-02-20 22:13:40,792 [Worker-5] INFO  c.n.h.c.p.n.NettyAsyncHttpProvider - Number of application's worked threads is 2
2013-02-20 22:13:41,136 [New I/O client worker #87-1] INFO  o.e.m.c.i.e.AbstractTransferListenerAdapter - Downloading http://repo.maven.apache.org/maven2/org/codehaus/plexus/plexus-interpolation/1.13/plexus-interpolation-1.13.pom
2013-02-20 22:13:41,151 [New I/O client worker #87-1] INFO  o.e.m.c.i.e.AbstractTransferListenerAdapter - Downloaded http://repo.maven.apache.org/maven2/org/codehaus/plexus/plexus-interpolation/1.13/plexus-interpolation-1.13.pom
2013-02-20 22:13:41,339 [Worker-5] INFO  c.n.h.c.p.n.NettyAsyncHttpProvider - Number of application's worked threads is 2
2013-02-20 22:13:41,698 [New I/O client worker #88-1] INFO  o.e.m.c.i.e.AbstractTransferListenerAdapter - Downloading http://repo.maven.apache.org/maven2/org/codehaus/plexus/plexus-components/1.1.15/plexus-components-1.1.15.pom
2013-02-20 22:13:41,698 [New I/O client worker #88-1] INFO  o.e.m.c.i.e.AbstractTransferListenerAdapter - Downloaded http://repo.maven.apache.org/maven2/org/codehaus/plexus/plexus-components/1.1.15/plexus-components-1.1.15.pom
2013-02-20 22:13:41,901 [Worker-5] INFO  c.n.h.c.p.n.NettyAsyncHttpProvider - Number of application's worked threads is 2
2013-02-20 22:13:42,292 [New I/O client worker #89-1] INFO  o.e.m.c.i.e.AbstractTransferListenerAdapter - Downloading http://repo.maven.apache.org/maven2/org/codehaus/plexus/plexus/2.0.3/plexus-2.0.3.pom
2013-02-20 22:13:42,448 [New I/O client worker #89-1] INFO  o.e.m.c.i.e.AbstractTransferListenerAdapter - Downloaded http://repo.maven.apache.org/maven2/org/codehaus/plexus/plexus/2.0.3/plexus-2.0.3.pom
2013-02-20 22:13:42,870 [Worker-5] INFO  c.n.h.c.p.n.NettyAsyncHttpProvider - Number of application's worked threads is 2
2013-02-20 22:13:43,276 [New I/O client worker #90-1] INFO  o.e.m.c.i.e.AbstractTransferListenerAdapter - Downloading http://repo.maven.apache.org/maven2/org/apache/maven/reporting/maven-reporting-api/2.0.6/maven-reporting-api-2.0.6.jar
2013-02-20 22:13:43,276 [New I/O client worker #90-1] INFO  o.e.m.c.i.e.AbstractTransferListenerAdapter - Downloaded http://repo.maven.apache.org/maven2/org/apache/maven/reporting/maven-reporting-api/2.0.6/maven-reporting-api-2.0.6.jar
2013-02-20 22:13:43,292 [New I/O client worker #90-2] INFO  o.e.m.c.i.e.AbstractTransferListenerAdapter - Downloading http://repo.maven.apache.org/maven2/org/apache/maven/doxia/doxia-sink-api/1.0-alpha-7/doxia-sink-api-1.0-alpha-7.jar
2013-02-20 22:13:43,308 [New I/O client worker #90-2] INFO  o.e.m.c.i.e.AbstractTransferListenerAdapter - Downloaded http://repo.maven.apache.org/maven2/org/apache/maven/doxia/doxia-sink-api/1.0-alpha-7/doxia-sink-api-1.0-alpha-7.jar
2013-02-20 22:13:43,323 [New I/O client worker #90-1] INFO  o.e.m.c.i.e.AbstractTransferListenerAdapter - Downloading http://repo.maven.apache.org/maven2/junit/junit/3.8.1/junit-3.8.1.jar
2013-02-20 22:13:43,354 [New I/O client worker #90-2] INFO  o.e.m.c.i.e.AbstractTransferListenerAdapter - Downloading http://repo.maven.apache.org/maven2/org/codehaus/plexus/plexus-interactivity-api/1.0-alpha-4/plexus-interactivity-api-1.0-alpha-4.jar
2013-02-20 22:13:43,370 [New I/O client worker #90-2] INFO  o.e.m.c.i.e.AbstractTransferListenerAdapter - Downloaded http://repo.maven.apache.org/maven2/org/codehaus/plexus/plexus-interactivity-api/1.0-alpha-4/plexus-interactivity-api-1.0-alpha-4.jar
2013-02-20 22:13:43,401 [New I/O client worker #90-1] INFO  o.e.m.c.i.e.AbstractTransferListenerAdapter - Downloading http://repo.maven.apache.org/maven2/org/sonatype/plexus/plexus-build-api/0.0.4/plexus-build-api-0.0.4.jar
2013-02-20 22:13:43,401 [New I/O client worker #90-1] INFO  o.e.m.c.i.e.AbstractTransferListenerAdapter - Downloaded http://repo.maven.apache.org/maven2/org/sonatype/plexus/plexus-build-api/0.0.4/plexus-build-api-0.0.4.jar
2013-02-20 22:13:43,401 [New I/O client worker #90-1] INFO  o.e.m.c.i.e.AbstractTransferListenerAdapter - Downloading http://repo.maven.apache.org/maven2/commons-cli/commons-cli/1.0/commons-cli-1.0.jar
2013-02-20 22:13:43,433 [New I/O client worker #90-2] INFO  o.e.m.c.i.e.AbstractTransferListenerAdapter - Downloading http://repo.maven.apache.org/maven2/org/codehaus/plexus/plexus-interpolation/1.13/plexus-interpolation-1.13.jar
2013-02-20 22:13:43,464 [New I/O client worker #90-2] INFO  o.e.m.c.i.e.AbstractTransferListenerAdapter - Downloading http://repo.maven.apache.org/maven2/org/apache/maven/shared/maven-filtering/1.0/maven-filtering-1.0.jar
2013-02-20 22:13:43,901 [New I/O client worker #90-1] INFO  o.e.m.c.i.e.AbstractTransferListenerAdapter - Downloaded http://repo.maven.apache.org/maven2/commons-cli/commons-cli/1.0/commons-cli-1.0.jar
2013-02-20 22:13:44,089 [New I/O client worker #90-1] INFO  o.e.m.c.i.e.AbstractTransferListenerAdapter - Downloaded http://repo.maven.apache.org/maven2/junit/junit/3.8.1/junit-3.8.1.jar
2013-02-20 22:13:44,167 [New I/O client worker #90-2] INFO  o.e.m.c.i.e.AbstractTransferListenerAdapter - Downloaded http://repo.maven.apache.org/maven2/org/apache/maven/shared/maven-filtering/1.0/maven-filtering-1.0.jar
2013-02-20 22:13:44,433 [New I/O client worker #90-2] INFO  o.e.m.c.i.e.AbstractTransferListenerAdapter - Downloaded http://repo.maven.apache.org/maven2/org/codehaus/plexus/plexus-interpolation/1.13/plexus-interpolation-1.13.jar
2013-02-20 22:13:46,620 [Worker-7] INFO  o.e.m.c.i.l.LifecycleMappingFactory - Using org.eclipse.m2e.jdt.JarLifecycleMapping lifecycle mapping for MavenProject: com.github.kevinsawicki:git-reports:0.1-SNAPSHOT @ D:\desenvolvimento\java\git-report\lib\pom.xml.
2013-02-20 22:13:46,761 [Worker-5] INFO  o.e.m.c.i.embedder.EclipseLogger - Using 'UTF-8' encoding to copy filtered resources.
2013-02-20 22:13:46,776 [Worker-5] INFO  o.e.m.c.i.embedder.EclipseLogger - Copying 6 resources
2013-02-20 22:13:46,886 [Worker-5] INFO  o.e.m.c.i.embedder.EclipseLogger - Using 'UTF-8' encoding to copy filtered resources.
2013-02-20 22:13:46,886 [Worker-5] INFO  o.e.m.c.i.embedder.EclipseLogger - skip non existing resourceDirectory D:\desenvolvimento\java\git-report\lib\src\test\resources
2013-02-20 22:13:48,276 [Worker-2] INFO  o.e.m.c.i.l.LifecycleMappingFactory - Using org.eclipse.m2e.jdt.JarLifecycleMapping lifecycle mapping for MavenProject: com.github.kevinsawicki:git-reports:0.1-SNAPSHOT @ D:\desenvolvimento\java\git-report\lib\pom.xml.
2013-02-20 22:13:48,495 [Worker-2] INFO  o.e.m.c.i.embedder.EclipseLogger - Using 'UTF-8' encoding to copy filtered resources.
2013-02-20 22:13:48,495 [Worker-2] INFO  o.e.m.c.i.embedder.EclipseLogger - Copying 0 resource
2013-02-20 22:13:48,495 [Worker-2] INFO  o.e.m.c.i.embedder.EclipseLogger - Using 'UTF-8' encoding to copy filtered resources.
2013-02-20 22:13:48,495 [Worker-2] INFO  o.e.m.c.i.embedder.EclipseLogger - skip non existing resourceDirectory D:\desenvolvimento\java\git-report\lib\src\test\resources
2013-02-20 22:15:11,870 [Worker-7] INFO  o.e.m.c.i.l.LifecycleMappingFactory - Using org.eclipse.m2e.jdt.JarLifecycleMapping lifecycle mapping for MavenProject: com.github.kevinsawicki:git-reports:0.1-SNAPSHOT @ D:\desenvolvimento\java\git-report\lib\pom.xml.
2013-02-20 22:15:12,198 [Worker-7] INFO  o.e.m.c.i.embedder.EclipseLogger - Using 'UTF-8' encoding to copy filtered resources.
2013-02-20 22:15:12,214 [Worker-7] INFO  o.e.m.c.i.embedder.EclipseLogger - Copying 0 resource
2013-02-20 22:15:12,214 [Worker-7] INFO  o.e.m.c.i.embedder.EclipseLogger - Using 'UTF-8' encoding to copy filtered resources.
2013-02-20 22:15:12,214 [Worker-7] INFO  o.e.m.c.i.embedder.EclipseLogger - skip non existing resourceDirectory D:\desenvolvimento\java\git-report\lib\src\test\resources
2013-02-20 22:15:27,808 [Worker-10] INFO  o.e.m.i.launch.MavenLaunchDelegate - D:\desenvolvimento\java\git-report\lib
2013-02-20 22:15:27,808 [Worker-10] INFO  o.e.m.i.launch.MavenLaunchDelegate -  mvn  -B generate-sources
2013-02-20 22:16:31,026 [Worker-0] INFO  o.e.m.c.i.l.LifecycleMappingFactory - Using org.eclipse.m2e.jdt.JarLifecycleMapping lifecycle mapping for MavenProject: com.github.kevinsawicki:git-reports:0.1-SNAPSHOT @ D:\desenvolvimento\java\git-report\lib\pom.xml.
2013-02-20 22:16:31,386 [Worker-11] INFO  c.n.h.c.p.n.NettyAsyncHttpProvider - Number of application's worked threads is 2
2013-02-20 22:16:32,026 [New I/O client worker #91-1] INFO  o.e.m.c.i.e.AbstractTransferListenerAdapter - Downloaded http://repo.maven.apache.org/maven2/-.pom
2013-02-20 22:16:32,042 [Worker-11] WARN  o.e.m.c.i.embedder.EclipseLogger - The POM for ::jar: is missing, no dependency information available
2013-02-20 22:16:50,323 [main] INFO  o.e.m2e.actions.ExecutePomAction - Creating new launch configuration
2013-02-20 22:16:58,448 [Worker-6] INFO  o.e.m.i.launch.MavenLaunchDelegate - D:\desenvolvimento\java\git-report\lib
2013-02-20 22:16:58,448 [Worker-6] INFO  o.e.m.i.launch.MavenLaunchDelegate -  mvn  -B 
2013-02-20 22:23:28,823 [Worker-5] INFO  c.n.h.c.p.n.NettyAsyncHttpProvider - Number of application's worked threads is 2
2013-02-20 22:23:30,058 [New I/O client worker #92-1] INFO  o.e.m.c.i.e.AbstractTransferListenerAdapter - Downloading http://repo.maven.apache.org/maven2/org/eclipse/jgit/org.eclipse.jgit/1.3.0.201202151440-r/org.eclipse.jgit-1.3.0.201202151440-r-sources.jar
2013-02-20 22:23:36,229 [New I/O client worker #92-1] INFO  o.e.m.c.i.e.AbstractTransferListenerAdapter - Downloaded http://repo.maven.apache.org/maven2/org/eclipse/jgit/org.eclipse.jgit/1.3.0.201202151440-r/org.eclipse.jgit-1.3.0.201202151440-r-sources.jar
2013-02-20 22:23:37,370 [Worker-5] INFO  o.e.m.j.internal.DownloadSourcesJob - Downloaded sources for org.eclipse.jgit:org.eclipse.jgit:1.3.0.201202151440-r
2013-02-20 22:28:01,370 [Worker-13] INFO  o.e.m.c.i.l.LifecycleMappingFactory - Using org.eclipse.m2e.jdt.JarLifecycleMapping lifecycle mapping for MavenProject: com.github.kevinsawicki:git-reports:0.1-SNAPSHOT @ D:\desenvolvimento\java\git-report\lib\pom.xml.
2013-02-20 22:28:02,479 [Worker-13] INFO  o.e.m.c.i.embedder.EclipseLogger - Using 'UTF-8' encoding to copy filtered resources.
2013-02-20 22:28:02,479 [Worker-13] INFO  o.e.m.c.i.embedder.EclipseLogger - Copying 0 resource
2013-02-20 22:28:02,479 [Worker-13] INFO  o.e.m.c.i.embedder.EclipseLogger - Using 'UTF-8' encoding to copy filtered resources.
2013-02-20 22:28:02,479 [Worker-13] INFO  o.e.m.c.i.embedder.EclipseLogger - skip non existing resourceDirectory D:\desenvolvimento\java\git-report\lib\src\test\resources
2013-02-20 22:30:23,933 [Worker-2] INFO  c.n.h.c.p.n.NettyAsyncHttpProvider - Number of application's worked threads is 2
2013-02-20 22:30:24,511 [New I/O client worker #93-1] INFO  o.e.m.c.i.e.AbstractTransferListenerAdapter - Downloaded http://repo.maven.apache.org/maven2/org/freemarker/freemarker/2.3.18/freemarker-2.3.18-javadoc.jar
2013-02-20 22:30:24,745 [Worker-2] ERROR o.e.m.j.internal.DownloadSourcesJob - Could not download sources for org.freemarker:freemarker:2.3.18
org.eclipse.core.runtime.CoreException: Could not resolve artifact org.freemarker:freemarker:jar:javadoc:2.3.18
	at org.eclipse.m2e.core.internal.embedder.MavenImpl.resolve(MavenImpl.java:702) ~[org.eclipse.m2e.core_1.3.1.20130219-1424.jar:na]
	at org.eclipse.m2e.core.internal.embedder.MavenImpl.resolve(MavenImpl.java:646) ~[org.eclipse.m2e.core_1.3.1.20130219-1424.jar:na]
	at org.eclipse.m2e.jdt.internal.DownloadSourcesJob.download(DownloadSourcesJob.java:235) [org.eclipse.m2e.jdt_1.3.1.20130219-1424.jar:na]
	at org.eclipse.m2e.jdt.internal.DownloadSourcesJob.downloadAttachments(DownloadSourcesJob.java:223) [org.eclipse.m2e.jdt_1.3.1.20130219-1424.jar:na]
	at org.eclipse.m2e.jdt.internal.DownloadSourcesJob.downloadMaven(DownloadSourcesJob.java:188) [org.eclipse.m2e.jdt_1.3.1.20130219-1424.jar:na]
	at org.eclipse.m2e.jdt.internal.DownloadSourcesJob.run(DownloadSourcesJob.java:142) [org.eclipse.m2e.jdt_1.3.1.20130219-1424.jar:na]
	at org.eclipse.core.internal.jobs.Worker.run(Worker.java:54) [org.eclipse.core.jobs_3.5.1.R36x_v20100824.jar:na]
2013-02-20 22:30:25,026 [Worker-14] INFO  o.e.m.c.i.embedder.EclipseLogger - Using 'UTF-8' encoding to copy filtered resources.
2013-02-20 22:30:25,026 [Worker-14] INFO  o.e.m.c.i.embedder.EclipseLogger - Copying 0 resource
2013-02-20 22:30:25,026 [Worker-14] INFO  o.e.m.c.i.embedder.EclipseLogger - Using 'UTF-8' encoding to copy filtered resources.
2013-02-20 22:30:25,026 [Worker-14] INFO  o.e.m.c.i.embedder.EclipseLogger - skip non existing resourceDirectory D:\desenvolvimento\java\git-report\lib\src\test\resources
2013-02-20 22:30:41,104 [Worker-4] INFO  o.e.m.c.i.i.nexus.NexusIndexManager - Updated index for repository: central|http://repo.maven.apache.org/maven2 in 1092890 ms
2013-02-20 22:31:31,120 [Worker-2] INFO  o.e.m.c.i.l.LifecycleMappingFactory - Using org.eclipse.m2e.jdt.JarLifecycleMapping lifecycle mapping for MavenProject: com.github.kevinsawicki:git-reports:0.1-SNAPSHOT @ D:\desenvolvimento\java\git-report\lib\pom.xml.
2013-02-20 22:31:31,464 [Worker-2] INFO  o.e.m.c.i.embedder.EclipseLogger - Using 'UTF-8' encoding to copy filtered resources.
2013-02-20 22:31:31,479 [Worker-2] INFO  o.e.m.c.i.embedder.EclipseLogger - Copying 6 resources
2013-02-20 22:31:31,511 [Worker-2] INFO  o.e.m.c.i.embedder.EclipseLogger - Using 'UTF-8' encoding to copy filtered resources.
2013-02-20 22:31:31,511 [Worker-2] INFO  o.e.m.c.i.embedder.EclipseLogger - skip non existing resourceDirectory D:\desenvolvimento\java\git-report\lib\src\test\resources
2013-02-20 22:31:39,011 [Worker-14] INFO  o.e.m.c.i.embedder.EclipseLogger - Using 'UTF-8' encoding to copy filtered resources.
2013-02-20 22:31:39,026 [Worker-14] INFO  o.e.m.c.i.embedder.EclipseLogger - Copying 0 resource
2013-02-20 22:31:39,026 [Worker-14] INFO  o.e.m.c.i.embedder.EclipseLogger - Using 'UTF-8' encoding to copy filtered resources.
2013-02-20 22:31:39,026 [Worker-14] INFO  o.e.m.c.i.embedder.EclipseLogger - skip non existing resourceDirectory D:\desenvolvimento\java\git-report\lib\src\test\resources
